Build started 16.10.2022 15:26:17.
     1>Project "D:\OneDrive - bsuir.by\Snake FINAL\Snake.vcxproj" on node 2 (Build target(s)).
     1>ClCompile:
         C:\Program Files (x86)\Microsoft Visual Studio 12.0\VC\bin\CL.exe /c /I"C:\Soft\SFML-2.5.1\include" /ZI /nologo /W3 /WX- /sdl /Od /Oy- /D _MBCS /Gm /EHsc /RTC1 /MDd /GS /fp:precise /Zc:wchar_t /Zc:forScope /Fo"Debug\\" /Fd"Debug\vc120.pdb" /Gd /TP /analyze- /errorReport:prompt main.cpp
         main.cpp
     1>d:\onedrive - bsuir.by\snake final\view.h(7): warning C4244: '=' : conversion from 'int' to 'float', possible loss of data
     1>d:\onedrive - bsuir.by\snake final\view.h(9): warning C4244: '=' : conversion from 'int' to 'float', possible loss of data
     1>d:\onedrive - bsuir.by\snake final\view.h(18): warning C4244: 'argument' : conversion from 'double' to 'float', possible loss of data
     1>d:\onedrive - bsuir.by\snake final\view.h(21): warning C4244: 'argument' : conversion from 'double' to 'float', possible loss of data
     1>d:\onedrive - bsuir.by\snake final\view.h(24): warning C4244: 'argument' : conversion from 'double' to 'float', possible loss of data
     1>d:\onedrive - bsuir.by\snake final\view.h(27): warning C4244: 'argument' : conversion from 'double' to 'float', possible loss of data
     1>d:\onedrive - bsuir.by\snake final\game.h(1): warning C4067: unexpected tokens following preprocessor directive - expected a newline
     1>d:\onedrive - bsuir.by\snake final\menu.h(46): warning C4244: 'argument' : conversion from 'const float' to 'int', possible loss of data
     1>d:\onedrive - bsuir.by\snake final\menu.h(47): warning C4244: 'argument' : conversion from 'const float' to 'int', possible loss of data
     1>d:\onedrive - bsuir.by\snake final\menu.h(48): warning C4244: 'argument' : conversion from 'const float' to 'int', possible loss of data
     1>d:\onedrive - bsuir.by\snake final\menu.h(49): warning C4244: 'argument' : conversion from 'const float' to 'int', possible loss of data
     1>d:\onedrive - bsuir.by\snake final\game.h(55): warning C4305: 'initializing' : truncation from 'double' to 'float'
     1>d:\onedrive - bsuir.by\snake final\game.h(67): warning C4244: '=' : conversion from 'int' to 'float', possible loss of data
     1>d:\onedrive - bsuir.by\snake final\game.h(68): warning C4244: '=' : conversion from 'int' to 'float', possible loss of data
     1>d:\onedrive - bsuir.by\snake final\game.h(74): warning C4244: 'argument' : conversion from 'float' to 'int', possible loss of data
     1>d:\onedrive - bsuir.by\snake final\game.h(82): warning C4244: '=' : conversion from 'float' to 'int', possible loss of data
     1>d:\onedrive - bsuir.by\snake final\game.h(83): warning C4244: '=' : conversion from 'float' to 'int', possible loss of data
     1>d:\onedrive - bsuir.by\snake final\game.h(85): warning C4244: '=' : conversion from 'int' to 'float', possible loss of data
     1>d:\onedrive - bsuir.by\snake final\game.h(87): warning C4305: '=' : truncation from 'double' to 'float'
     1>d:\onedrive - bsuir.by\snake final\game.h(88): warning C4244: '=' : conversion from 'int' to 'float', possible loss of data
     1>d:\onedrive - bsuir.by\snake final\game.h(136): warning C4244: '+=' : conversion from 'double' to 'float', possible loss of data
     1>d:\onedrive - bsuir.by\snake final\game.h(138): warning C4244: 'argument' : conversion from 'float' to 'int', possible loss of data
     1>d:\onedrive - bsuir.by\snake final\game.h(146): warning C4244: '+=' : conversion from 'double' to 'float', possible loss of data
     1>d:\onedrive - bsuir.by\snake final\game.h(148): warning C4244: 'argument' : conversion from 'float' to 'int', possible loss of data
     1>d:\onedrive - bsuir.by\snake final\game.h(154): warning C4305: '=' : truncation from 'double' to 'float'
     1>d:\onedrive - bsuir.by\snake final\game.h(155): warning C4305: '=' : truncation from 'double' to 'float'
     1>d:\onedrive - bsuir.by\snake final\game.h(170): warning C4244: '=' : conversion from 'float' to 'int', possible loss of data
     1>d:\onedrive - bsuir.by\snake final\game.h(205): warning C4244: '+=' : conversion from 'double' to 'float', possible loss of data
     1>d:\onedrive - bsuir.by\snake final\game.h(209): warning C4244: '+=' : conversion from 'double' to 'float', possible loss of data
     1>d:\onedrive - bsuir.by\snake final\game.h(220): warning C4244: '+=' : conversion from 'double' to 'float', possible loss of data
     1>d:\onedrive - bsuir.by\snake final\game.h(231): warning C4244: '=' : conversion from 'double' to 'float', possible loss of data
     1>d:\onedrive - bsuir.by\snake final\game.h(242): warning C4244: 'argument' : conversion from 'float' to 'int', possible loss of data
     1>d:\onedrive - bsuir.by\snake final\game.h(243): warning C4305: '=' : truncation from 'double' to 'float'
     1>d:\onedrive - bsuir.by\snake final\game.h(244): warning C4244: '*=' : conversion from 'double' to 'float', possible loss of data
     1>d:\onedrive - bsuir.by\snake final\game.h(245): warning C4244: '*=' : conversion from 'double' to 'float', possible loss of data
     1>d:\onedrive - bsuir.by\snake final\game.h(247): warning C4305: '=' : truncation from 'double' to 'float'
     1>d:\onedrive - bsuir.by\snake final\game.h(248): warning C4305: '=' : truncation from 'double' to 'float'
     1>d:\onedrive - bsuir.by\snake final\game.h(253): warning C4244: 'argument' : conversion from 'float' to 'int', possible loss of data
     1>d:\onedrive - bsuir.by\snake final\game.h(254): warning C4305: '=' : truncation from 'double' to 'float'
     1>d:\onedrive - bsuir.by\snake final\game.h(255): warning C4244: '*=' : conversion from 'double' to 'float', possible loss of data
     1>d:\onedrive - bsuir.by\snake final\game.h(256): warning C4244: '*=' : conversion from 'double' to 'float', possible loss of data
     1>d:\onedrive - bsuir.by\snake final\game.h(258): warning C4305: '=' : truncation from 'double' to 'float'
     1>d:\onedrive - bsuir.by\snake final\game.h(259): warning C4305: '=' : truncation from 'double' to 'float'
     1>d:\onedrive - bsuir.by\snake final\game.h(267): warning C4244: 'initializing' : conversion from 'float' to 'int', possible loss of data
     1>d:\onedrive - bsuir.by\snake final\game.h(268): warning C4244: 'initializing' : conversion from 'float' to 'int', possible loss of data
     1>d:\onedrive - bsuir.by\snake final\game.h(270): warning C4244: '=' : conversion from 'int' to 'float', possible loss of data
     1>d:\onedrive - bsuir.by\snake final\game.h(273): warning C4244: '=' : conversion from 'int' to 'float', possible loss of data
     1>d:\onedrive - bsuir.by\snake final\game.h(286): warning C4244: '=' : conversion from 'double' to 'float', possible loss of data
     1>d:\onedrive - bsuir.by\snake final\game.h(295): warning C4305: '*=' : truncation from 'double' to 'float'
     1>d:\onedrive - bsuir.by\snake final\game.h(296): warning C4305: '*=' : truncation from 'double' to 'float'
     1>d:\onedrive - bsuir.by\snake final\game.h(297): warning C4305: 'argument' : truncation from 'double' to 'float'
     1>d:\onedrive - bsuir.by\snake final\game.h(298): warning C4244: 'argument' : conversion from 'float' to 'int', possible loss of data
     1>d:\onedrive - bsuir.by\snake final\game.h(300): warning C4305: '=' : truncation from 'double' to 'float'
     1>d:\onedrive - bsuir.by\snake final\game.h(327): warning C4305: '=' : truncation from 'double' to 'float'
     1>d:\onedrive - bsuir.by\snake final\game.h(347): warning C4244: '=' : conversion from 'int' to 'float', possible loss of data
     1>d:\onedrive - bsuir.by\snake final\game.h(348): warning C4244: '=' : conversion from 'int' to 'float', possible loss of data
     1>d:\onedrive - bsuir.by\snake final\game.h(351): warning C4244: 'initializing' : conversion from 'float' to 'int', possible loss of data
     1>d:\onedrive - bsuir.by\snake final\game.h(352): warning C4244: 'initializing' : conversion from 'float' to 'int', possible loss of data
     1>d:\onedrive - bsuir.by\snake final\game.h(353): warning C4244: 'argument' : conversion from 'int' to 'float', possible loss of data
     1>d:\onedrive - bsuir.by\snake final\game.h(408): warning C4244: 'argument' : conversion from 'int' to 'float', possible loss of data
     1>d:\onedrive - bsuir.by\snake final\game.h(437): warning C4244: 'argument' : conversion from 'int' to 'float', possible loss of data
     1>d:\onedrive - bsuir.by\snake final\game.h(442): warning C4244: 'argument' : conversion from 'int' to 'float', possible loss of data
     1>d:\onedrive - bsuir.by\snake final\game.h(452): warning C4244: 'argument' : conversion from 'int' to 'float', possible loss of data
     1>d:\onedrive - bsuir.by\snake final\game.h(456): warning C4244: 'argument' : conversion from 'int' to 'float', possible loss of data
     1>d:\onedrive - bsuir.by\snake final\game.h(495): warning C4244: 'initializing' : conversion from 'sf::Int32' to 'float', possible loss of data
     1>d:\onedrive - bsuir.by\snake final\game.h(497): warning C4244: '+=' : conversion from 'double' to 'float', possible loss of data
     1>d:\onedrive - bsuir.by\snake final\game.h(504): warning C4244: 'initializing' : conversion from 'sf::Int32' to 'float', possible loss of data
     1>d:\onedrive - bsuir.by\snake final\game.h(513): warning C4244: 'initializing' : conversion from 'sf::Int64' to 'float', possible loss of data
     1>d:\onedrive - bsuir.by\snake final\game.h(514): warning C4244: '=' : conversion from 'float' to 'int', possible loss of data
     1>d:\onedrive - bsuir.by\snake final\game.h(515): warning C4305: 'argument' : truncation from 'double' to 'float'
     1>d:\onedrive - bsuir.by\snake final\game.h(531): warning C4244: '=' : conversion from 'float' to 'int', possible loss of data
     1>d:\onedrive - bsuir.by\snake final\game.h(532): warning C4244: '=' : conversion from 'float' to 'int', possible loss of data
     1>d:\onedrive - bsuir.by\snake final\game.h(549): warning C4244: '+=' : conversion from 'float' to 'int', possible loss of data
     1>d:\onedrive - bsuir.by\snake final\game.h(594): warning C4305: '=' : truncation from 'double' to 'float'
     1>d:\onedrive - bsuir.by\snake final\game.h(637): warning C4305: 'argument' : truncation from 'double' to 'float'
     1>d:\onedrive - bsuir.by\snake final\game.h(638): warning C4244: 'argument' : conversion from 'int' to 'float', possible loss of data
     1>d:\onedrive - bsuir.by\snake final\game.h(651): warning C4244: 'argument' : conversion from 'int' to 'float', possible loss of data
     1>d:\onedrive - bsuir.by\snake final\game.h(740): warning C4305: 'argument' : truncation from 'double' to 'float'
     1>d:\onedrive - bsuir.by\snake final\game.h(741): warning C4244: 'argument' : conversion from 'int' to 'float', possible loss of data
       Link:
         C:\Program Files (x86)\Microsoft Visual Studio 12.0\VC\bin\link.exe /ERRORREPORT:PROMPT /OUT:"D:\OneDrive - bsuir.by\Snake FINAL\Debug\Snake.exe" /INCREMENTAL /NOLOGO /LIBPATH:"C:\Soft\SFML-2.5.1\lib" "sfml-graphics-d.lib" "sfml-window-d.lib" "sfml-audio-d.lib" "sfml-system-d.lib" kernel32.lib user32.lib gdi32.lib winspool.lib comdlg32.lib advapi32.lib shell32.lib ole32.lib oleaut32.lib uuid.lib odbc32.lib odbccp32.lib /MANIFEST /MANIFESTUAC:"level='asInvoker' uiAccess='false'" /manifest:embed /DEBUG /PDB:"D:\OneDrive - bsuir.by\Snake FINAL\Debug\Snake.pdb" /TLBID:1 /DYNAMICBASE /NXCOMPAT /IMPLIB:"D:\OneDrive - bsuir.by\Snake FINAL\Debug\Snake.lib" /MACHINE:X86 Debug\main.obj
         Snake.vcxproj -> D:\OneDrive - bsuir.by\Snake FINAL\Debug\Snake.exe
     1>Done Building Project "D:\OneDrive - bsuir.by\Snake FINAL\Snake.vcxproj" (Build target(s)).

Build succeeded.

Time Elapsed 00:00:04.95
